<?xml version="1.0" encoding="UTF-8"?>
<testng-results skipped="0" failed="0" total="2" passed="2">
  <reporter-output>
  </reporter-output>
  <suite name="Default suite" duration-ms="24542" started-at="2017-09-26T19:05:22Z" finished-at="2017-09-26T19:05:47Z">
    <groups>
    </groups>
    <test name="Default test" duration-ms="24542" started-at="2017-09-26T19:05:22Z" finished-at="2017-09-26T19:05:47Z">
      <class name="com.PrideViewTests.SampleTests">
        <test-method status="PASS" signature="openBrs()[pri:0, instance:com.PrideViewTests.SampleTests@7c16905e]" name="openBrs" is-config="true" duration-ms="7125" started-at="2017-09-26T14:05:22Z" finished-at="2017-09-26T14:05:29Z">
          <reporter-output>
          </reporter-output>
        </test-method> <!-- openBrs -->
        <test-method status="PASS" signature="validLogin()[pri:0, instance:com.PrideViewTests.SampleTests@7c16905e]" name="validLogin" duration-ms="4055" started-at="2017-09-26T14:05:29Z" finished-at="2017-09-26T14:05:33Z">
          <reporter-output>
          </reporter-output>
        </test-method> <!-- validLogin -->
        <test-method status="PASS" signature="runProcedure()[pri:1, instance:com.PrideViewTests.SampleTests@7c16905e]" name="runProcedure" duration-ms="13347" started-at="2017-09-26T14:05:33Z" finished-at="2017-09-26T14:05:47Z">
          <reporter-output>
          </reporter-output>
        </test-method> <!-- runProcedure -->
      </class> <!-- com.PrideViewTests.SampleTests -->
    </test> <!-- Default test -->
  </suite> <!-- Default suite -->
</testng-results>
